[18:08:37] t/00-startup.t ....... ok     7414 ms
[18:08:37] t/64bit.t ............ ok      182 ms
[18:08:37] t/binary-get.t ....... ok      169 ms
[18:08:37] t/binary-sasl.t ...... skipped: Skipping SASL tests
[18:09:01] t/binary.t ........... ok    23395 ms
[18:09:01] t/bogus-commands.t ... ok      160 ms
[18:09:02] t/cas.t .............. ok      640 ms
[18:09:03] t/daemonize.t ........ ok     1184 ms
[18:09:03] t/dash-M.t ........... ok      216 ms
[18:09:03] t/evictions.t ........ ok      201 ms
[18:09:10] t/expirations.t ...... ok     6286 ms
[18:09:10] t/flags.t ............ ok      167 ms
[18:09:13] t/flush-all.t ........ ok     3300 ms
[18:09:14] t/getset.t ........... ok      740 ms
[18:09:14] t/incrdecr.t ......... ok      171 ms
[18:09:14] t/issue_104.t ........ ok      167 ms
[18:09:14] t/issue_108.t ........ ok      168 ms
[18:09:18] t/issue_14.t ......... ok     4179 ms
[18:09:19] t/issue_140.t ........ skipped: Fix for Issue 140 was only an illusion
[18:09:19] t/issue_152.t ........ ok      167 ms
[18:09:22] t/issue_163.t ........ ok     3173 ms
[18:09:24] t/issue_183.t ........ ok     2170 ms
[18:09:25] t/issue_192.t ........ ok      669 ms
[18:09:25] t/issue_22.t ......... ok      197 ms
[18:09:25] t/issue_29.t ......... ok      168 ms
[18:09:25] t/issue_3.t .......... ok      170 ms
[18:09:26] t/issue_41.t ......... ok      473 ms
[18:09:26] t/issue_42.t ......... ok      170 ms
[18:09:26] t/issue_50.t ......... ok      166 ms
[18:09:26] t/issue_61.t ......... ok      169 ms
[18:09:27] t/issue_67.t ......... ok     1188 ms
[18:09:28] t/issue_68.t ......... ok      411 ms
[18:09:28] t/issue_70.t ......... ok      167 ms
[18:09:33] t/item_size_max.t .... ok     4763 ms
[18:09:33] t/line-lengths.t ..... ok       26 ms
[18:09:33] t/lru.t .............. ok      514 ms
[18:09:34] t/maxconns.t ......... ok      170 ms
[18:09:34] t/multiversioning.t .. ok      176 ms
[18:09:34] t/noreply.t .......... ok      170 ms
[18:09:36] t/slabs_reassign.t ... ok     2209 ms
[18:09:36] t/stats-detail.t ..... ok      170 ms
[18:09:36] t/stats.t ............ ok      187 ms
[18:09:39] t/touch.t ............ ok     2170 ms
[18:09:39] t/udp.t .............. ok      198 ms
[18:09:40] t/unixsocket.t ....... ok     1067 ms
[18:09:40] t/whitespace.t ....... ok       63 ms
[18:09:40]
All tests successful.
Files=46, Tests=6963, 70 wallclock secs ( 1.41 usr  0.20 sys +  4.91 cusr  2.25 csys =  8.77 CPU)
Result: PASS
