[18:00:24] t/00-startup.t ....... ok     7416 ms
[18:00:24] t/64bit.t ............ ok      179 ms
[18:00:24] t/binary-get.t ....... ok      168 ms
[18:00:24] t/binary-sasl.t ...... skipped: Skipping SASL tests
[18:00:47] t/binary.t ........... ok    23209 ms
[18:00:47] t/bogus-commands.t ... ok      165 ms
[18:00:48] t/cas.t .............. ok      643 ms
[18:00:49] t/daemonize.t ........ ok     1183 ms
[18:00:49] t/dash-M.t ........... ok      220 ms
[18:00:50] t/evictions.t ........ ok      200 ms
[18:00:56] t/expirations.t ...... ok     6183 ms
[18:00:56] t/flags.t ............ ok      169 ms
[18:00:59] t/flush-all.t ........ ok     3294 ms
[18:01:00] t/getset.t ........... ok      770 ms
[18:01:00] t/incrdecr.t ......... ok      179 ms
[18:01:00] t/issue_104.t ........ ok      174 ms
[18:01:01] t/issue_108.t ........ ok      176 ms
[18:01:05] t/issue_14.t ......... ok     4185 ms
[18:01:05] t/issue_140.t ........ skipped: Fix for Issue 140 was only an illusion
[18:01:05] t/issue_152.t ........ ok      165 ms
[18:01:08] t/issue_163.t ........ ok     3162 ms
[18:01:10] t/issue_183.t ........ ok     2170 ms
[18:01:11] t/issue_192.t ........ ok      667 ms
[18:01:11] t/issue_22.t ......... ok      196 ms
[18:01:11] t/issue_29.t ......... ok      168 ms
[18:01:12] t/issue_3.t .......... ok      170 ms
[18:01:12] t/issue_41.t ......... ok      468 ms
[18:01:12] t/issue_42.t ......... ok      168 ms
[18:01:12] t/issue_50.t ......... ok      164 ms
[18:01:13] t/issue_61.t ......... ok      166 ms
[18:01:14] t/issue_67.t ......... ok     1191 ms
[18:01:14] t/issue_68.t ......... ok      406 ms
[18:01:14] t/issue_70.t ......... ok      164 ms
[18:01:19] t/item_size_max.t .... ok     4774 ms
[18:01:19] t/line-lengths.t ..... ok       26 ms
[18:01:20] t/lru.t .............. ok      511 ms
[18:01:20] t/maxconns.t ......... ok      171 ms
[18:01:20] t/multiversioning.t .. ok      179 ms
[18:01:20] t/noreply.t .......... ok      167 ms
[18:01:22] t/slabs_reassign.t ... ok     2211 ms
[18:01:23] t/stats-detail.t ..... ok      169 ms
[18:01:23] t/stats.t ............ ok      189 ms
[18:01:25] t/touch.t ............ ok     2170 ms
[18:01:25] t/udp.t .............. ok      193 ms
[18:01:26] t/unixsocket.t ....... ok     1066 ms
[18:01:26] t/whitespace.t ....... ok       64 ms
[18:01:26]
All tests successful.
Files=46, Tests=6963, 70 wallclock secs ( 1.43 usr  0.20 sys +  4.85 cusr  2.20 csys =  8.68 CPU)
Result: PASS
