[17:54:33] t/00-startup.t ....... ok     7302 ms
[17:54:34] t/64bit.t ............ ok      180 ms
[17:54:34] t/binary-get.t ....... ok      167 ms
[17:54:34] t/binary-sasl.t ...... skipped: Skipping SASL tests
[17:54:56] t/binary.t ........... ok    22180 ms
[17:54:56] t/bogus-commands.t ... ok      163 ms
[17:54:57] t/cas.t .............. ok      636 ms
[17:54:58] t/daemonize.t ........ ok     1181 ms
[17:54:58] t/dash-M.t ........... ok      215 ms
[17:54:59] t/evictions.t ........ ok      189 ms
[17:55:05] t/expirations.t ...... ok     6176 ms
[17:55:05] t/flags.t ............ ok      164 ms
[17:55:08] t/flush-all.t ........ ok     3292 ms
[17:55:09] t/getset.t ........... ok      731 ms
[17:55:09] t/incrdecr.t ......... ok      170 ms
[17:55:09] t/issue_104.t ........ ok      163 ms
[17:55:09] t/issue_108.t ........ ok      167 ms
[17:55:14] t/issue_14.t ......... ok     4176 ms
[17:55:14] t/issue_140.t ........ skipped: Fix for Issue 140 was only an illusion
[17:55:14] t/issue_152.t ........ ok      163 ms
[17:55:17] t/issue_163.t ........ ok     3169 ms
[17:55:19] t/issue_183.t ........ ok     2167 ms
[17:55:20] t/issue_192.t ........ ok      664 ms
[17:55:20] t/issue_22.t ......... ok      197 ms
[17:55:20] t/issue_29.t ......... ok      167 ms
[17:55:20] t/issue_3.t .......... ok      167 ms
[17:55:21] t/issue_41.t ......... ok      476 ms
[17:55:21] t/issue_42.t ......... ok      168 ms
[17:55:21] t/issue_50.t ......... ok      162 ms
[17:55:21] t/issue_61.t ......... ok      166 ms
[17:55:23] t/issue_67.t ......... ok     1181 ms
[17:55:23] t/issue_68.t ......... ok      410 ms
[17:55:23] t/issue_70.t ......... ok      158 ms
[17:55:28] t/item_size_max.t .... ok     4728 ms
[17:55:28] t/line-lengths.t ..... ok       26 ms
[17:55:28] t/lru.t .............. ok      513 ms
[17:55:29] t/maxconns.t ......... ok      166 ms
[17:55:29] t/multiversioning.t .. ok      181 ms
[17:55:29] t/noreply.t .......... ok      167 ms
[17:55:31] t/slabs_reassign.t ... ok     2210 ms
[17:55:31] t/stats-detail.t ..... ok      167 ms
[17:55:32] t/stats.t ............ ok      180 ms
[17:55:34] t/touch.t ............ ok     2165 ms
[17:55:34] t/udp.t .............. ok      193 ms
[17:55:35] t/unixsocket.t ....... ok     1066 ms
[17:55:35] t/whitespace.t ....... ok       64 ms
[17:55:35]
All tests successful.
Files=46, Tests=6963, 69 wallclock secs ( 1.42 usr  0.20 sys +  4.94 cusr  2.18 csys =  8.74 CPU)
Result: PASS
