[18:03:55] t/00-startup.t ....... ok     7420 ms
[18:03:55] t/64bit.t ............ ok      182 ms
[18:03:55] t/binary-get.t ....... ok      169 ms
[18:03:55] t/binary-sasl.t ...... skipped: Skipping SASL tests
[18:04:19] t/binary.t ........... ok    23399 ms
[18:04:19] t/bogus-commands.t ... ok      162 ms
[18:04:20] t/cas.t .............. ok      644 ms
[18:04:21] t/daemonize.t ........ ok     1184 ms
[18:04:21] t/dash-M.t ........... ok      220 ms
[18:04:21] t/evictions.t ........ ok      199 ms
[18:04:28] t/expirations.t ...... ok     6390 ms
[18:04:28] t/flags.t ............ ok      169 ms
[18:04:31] t/flush-all.t ........ ok     3297 ms
[18:04:32] t/getset.t ........... ok      737 ms
[18:04:32] t/incrdecr.t ......... ok      172 ms
[18:04:32] t/issue_104.t ........ ok      168 ms
[18:04:32] t/issue_108.t ........ ok      167 ms
[18:04:36] t/issue_14.t ......... ok     4176 ms
[18:04:37] t/issue_140.t ........ skipped: Fix for Issue 140 was only an illusion
[18:04:37] t/issue_152.t ........ ok      166 ms
[18:04:40] t/issue_163.t ........ ok     3171 ms
[18:04:42] t/issue_183.t ........ ok     2174 ms
[18:04:43] t/issue_192.t ........ ok      669 ms
[18:04:43] t/issue_22.t ......... ok      198 ms
[18:04:43] t/issue_29.t ......... ok      168 ms
[18:04:43] t/issue_3.t .......... ok      168 ms
[18:04:44] t/issue_41.t ......... ok      474 ms
[18:04:44] t/issue_42.t ......... ok      170 ms
[18:04:44] t/issue_50.t ......... ok      166 ms
[18:04:44] t/issue_61.t ......... ok      171 ms
[18:04:45] t/issue_67.t ......... ok     1191 ms
[18:04:46] t/issue_68.t ......... ok      408 ms
[18:04:46] t/issue_70.t ......... ok      168 ms
[18:04:51] t/item_size_max.t .... ok     4772 ms
[18:04:51] t/line-lengths.t ..... ok       27 ms
[18:04:51] t/lru.t .............. ok      516 ms
[18:04:52] t/maxconns.t ......... ok      165 ms
[18:04:52] t/multiversioning.t .. ok      180 ms
[18:04:52] t/noreply.t .......... ok      168 ms
[18:04:54] t/slabs_reassign.t ... ok     2210 ms
[18:04:54] t/stats-detail.t ..... ok      171 ms
[18:04:55] t/stats.t ............ ok      185 ms
[18:04:57] t/touch.t ............ ok     2172 ms
[18:04:57] t/udp.t .............. ok      193 ms
[18:04:58] t/unixsocket.t ....... ok     1067 ms
[18:04:58] t/whitespace.t ....... ok       64 ms
[18:04:58]
All tests successful.
Files=46, Tests=6963, 71 wallclock secs ( 1.42 usr  0.20 sys +  4.91 cusr  2.24 csys =  8.77 CPU)
Result: PASS
