[17:51:06] t/00-startup.t ....... ok     7377 ms
[17:51:06] t/64bit.t ............ ok      180 ms
[17:51:07] t/binary-get.t ....... ok      173 ms
[17:51:07] t/binary-sasl.t ...... skipped: Skipping SASL tests
[17:51:29] t/binary.t ........... ok    21875 ms
[17:51:29] t/bogus-commands.t ... ok      163 ms
[17:51:29] t/cas.t .............. ok      632 ms
[17:51:30] t/daemonize.t ........ ok     1185 ms
[17:51:31] t/dash-M.t ........... ok      209 ms
[17:51:31] t/evictions.t ........ ok      199 ms
[17:51:38] t/expirations.t ...... ok     6685 ms
[17:51:38] t/flags.t ............ ok      166 ms
[17:51:41] t/flush-all.t ........ ok     3294 ms
[17:51:42] t/getset.t ........... ok      734 ms
[17:51:42] t/incrdecr.t ......... ok      171 ms
[17:51:42] t/issue_104.t ........ ok      167 ms
[17:51:42] t/issue_108.t ........ ok      166 ms
[17:51:47] t/issue_14.t ......... ok     4173 ms
[17:51:47] t/issue_140.t ........ skipped: Fix for Issue 140 was only an illusion
[17:51:47] t/issue_152.t ........ ok      163 ms
[17:51:50] t/issue_163.t ........ ok     3167 ms
[17:51:52] t/issue_183.t ........ ok     2168 ms
[17:51:53] t/issue_192.t ........ ok      667 ms
[17:51:53] t/issue_22.t ......... ok      197 ms
[17:51:53] t/issue_29.t ......... ok      165 ms
[17:51:53] t/issue_3.t .......... ok      168 ms
[17:51:54] t/issue_41.t ......... ok      478 ms
[17:51:54] t/issue_42.t ......... ok      167 ms
[17:51:54] t/issue_50.t ......... ok      160 ms
[17:51:54] t/issue_61.t ......... ok      171 ms
[17:51:55] t/issue_67.t ......... ok     1180 ms
[17:51:56] t/issue_68.t ......... ok      410 ms
[17:51:56] t/issue_70.t ......... ok      161 ms
[17:52:01] t/item_size_max.t .... ok     4723 ms
[17:52:01] t/line-lengths.t ..... ok       29 ms
[17:52:01] t/lru.t .............. ok      520 ms
[17:52:02] t/maxconns.t ......... ok      168 ms
[17:52:02] t/multiversioning.t .. ok      178 ms
[17:52:02] t/noreply.t .......... ok      167 ms
[17:52:04] t/slabs_reassign.t ... ok     2210 ms
[17:52:04] t/stats-detail.t ..... ok      170 ms
[17:52:05] t/stats.t ............ ok      200 ms
[17:52:07] t/touch.t ............ ok     2167 ms
[17:52:07] t/udp.t .............. ok      200 ms
[17:52:08] t/unixsocket.t ....... ok     1068 ms
[17:52:09] t/whitespace.t ....... ok      730 ms
[17:52:09]
All tests successful.
Files=46, Tests=6963, 70 wallclock secs ( 1.47 usr  0.22 sys +  5.19 cusr  2.44 csys =  9.32 CPU)
Result: PASS
