[18:15:41] t/00-startup.t ....... ok     7410 ms
[18:15:41] t/64bit.t ............ ok      184 ms
[18:15:41] t/binary-get.t ....... ok      169 ms
[18:15:41] t/binary-sasl.t ...... skipped: Skipping SASL tests
[18:16:05] t/binary.t ........... ok    23432 ms
[18:16:05] t/bogus-commands.t ... ok      162 ms
[18:16:06] t/cas.t .............. ok      644 ms
[18:16:07] t/daemonize.t ........ ok     1185 ms
[18:16:07] t/dash-M.t ........... ok      216 ms
[18:16:07] t/evictions.t ........ ok      198 ms
[18:16:14] t/expirations.t ...... ok     6285 ms
[18:16:14] t/flags.t ............ ok      166 ms
[18:16:17] t/flush-all.t ........ ok     3297 ms
[18:16:18] t/getset.t ........... ok      740 ms
[18:16:18] t/incrdecr.t ......... ok      174 ms
[18:16:18] t/issue_104.t ........ ok      170 ms
[18:16:18] t/issue_108.t ........ ok      168 ms
[18:16:23] t/issue_14.t ......... ok     4179 ms
[18:16:23] t/issue_140.t ........ skipped: Fix for Issue 140 was only an illusion
[18:16:23] t/issue_152.t ........ ok      165 ms
[18:16:26] t/issue_163.t ........ ok     3173 ms
[18:16:28] t/issue_183.t ........ ok     2171 ms
[18:16:29] t/issue_192.t ........ ok      669 ms
[18:16:29] t/issue_22.t ......... ok      197 ms
[18:16:29] t/issue_29.t ......... ok      169 ms
[18:16:29] t/issue_3.t .......... ok      169 ms
[18:16:30] t/issue_41.t ......... ok      478 ms
[18:16:30] t/issue_42.t ......... ok      171 ms
[18:16:30] t/issue_50.t ......... ok      165 ms
[18:16:30] t/issue_61.t ......... ok      169 ms
[18:16:32] t/issue_67.t ......... ok     1188 ms
[18:16:32] t/issue_68.t ......... ok      414 ms
[18:16:32] t/issue_70.t ......... ok      168 ms
[18:16:37] t/item_size_max.t .... ok     4773 ms
[18:16:37] t/line-lengths.t ..... ok       26 ms
[18:16:37] t/lru.t .............. ok      517 ms
[18:16:38] t/maxconns.t ......... ok      170 ms
[18:16:38] t/multiversioning.t .. ok      179 ms
[18:16:38] t/noreply.t .......... ok      169 ms
[18:16:40] t/slabs_reassign.t ... ok     2213 ms
[18:16:40] t/stats-detail.t ..... ok      170 ms
[18:16:41] t/stats.t ............ ok      189 ms
[18:16:43] t/touch.t ............ ok     2172 ms
[18:16:43] t/udp.t .............. ok      197 ms
[18:16:44] t/unixsocket.t ....... ok     1066 ms
[18:16:44] t/whitespace.t ....... ok       63 ms
[18:16:44]
All tests successful.
Files=46, Tests=6963, 70 wallclock secs ( 1.43 usr  0.20 sys +  4.95 cusr  2.23 csys =  8.81 CPU)
Result: PASS
