[17:53:26] t/00-startup.t ....... ok     7321 ms
[17:53:26] t/64bit.t ............ ok      195 ms
[17:53:26] t/binary-get.t ....... ok      167 ms
[17:53:26] t/binary-sasl.t ...... skipped: Skipping SASL tests
[17:53:47] t/binary.t ........... ok    20872 ms
[17:53:47] t/bogus-commands.t ... ok      166 ms
[17:53:48] t/cas.t .............. ok      632 ms
[17:53:49] t/daemonize.t ........ ok     1185 ms
[17:53:49] t/dash-M.t ........... ok      219 ms
[17:53:49] t/evictions.t ........ ok      202 ms
[17:53:56] t/expirations.t ...... ok     6279 ms
[17:53:56] t/flags.t ............ ok      167 ms
[17:53:59] t/flush-all.t ........ ok     3288 ms
[17:54:00] t/getset.t ........... ok      760 ms
[17:54:00] t/incrdecr.t ......... ok      172 ms
[17:54:00] t/issue_104.t ........ ok      168 ms
[17:54:00] t/issue_108.t ........ ok      167 ms
[17:54:04] t/issue_14.t ......... ok     4179 ms
[17:54:05] t/issue_140.t ........ skipped: Fix for Issue 140 was only an illusion
[17:54:05] t/issue_152.t ........ ok      163 ms
[17:54:08] t/issue_163.t ........ ok     3170 ms
[17:54:10] t/issue_183.t ........ ok     2168 ms
[17:54:11] t/issue_192.t ........ ok      677 ms
[17:54:11] t/issue_22.t ......... ok      197 ms
[17:54:11] t/issue_29.t ......... ok      166 ms
[17:54:11] t/issue_3.t .......... ok      167 ms
[17:54:12] t/issue_41.t ......... ok      491 ms
[17:54:12] t/issue_42.t ......... ok      168 ms
[17:54:12] t/issue_50.t ......... ok      164 ms
[17:54:12] t/issue_61.t ......... ok      168 ms
[17:54:13] t/issue_67.t ......... ok     1184 ms
[17:54:14] t/issue_68.t ......... ok      444 ms
[17:54:14] t/issue_70.t ......... ok      165 ms
[17:54:19] t/item_size_max.t .... ok     4704 ms
[17:54:19] t/line-lengths.t ..... ok       30 ms
[17:54:19] t/lru.t .............. ok      571 ms
[17:54:20] t/maxconns.t ......... ok      168 ms
[17:54:20] t/multiversioning.t .. ok      175 ms
[17:54:20] t/noreply.t .......... ok      167 ms
[17:54:22] t/slabs_reassign.t ... ok     2212 ms
[17:54:22] t/stats-detail.t ..... ok      171 ms
[17:54:23] t/stats.t ............ ok      188 ms
[17:54:25] t/touch.t ............ ok     2167 ms
[17:54:25] t/udp.t .............. ok      196 ms
[17:54:26] t/unixsocket.t ....... ok     1064 ms
[17:54:26] t/whitespace.t ....... ok       77 ms
[17:54:26]
All tests successful.
Files=46, Tests=6963, 68 wallclock secs ( 1.54 usr  0.22 sys +  4.60 cusr  1.71 csys =  8.07 CPU)
Result: PASS
