[18:09:48] t/00-startup.t ....... ok     7421 ms
[18:09:48] t/64bit.t ............ ok      178 ms
[18:09:48] t/binary-get.t ....... ok      170 ms
[18:09:48] t/binary-sasl.t ...... skipped: Skipping SASL tests
[18:10:11] t/binary.t ........... ok    23381 ms
[18:10:12] t/bogus-commands.t ... ok      164 ms
[18:10:12] t/cas.t .............. ok      647 ms
[18:10:13] t/daemonize.t ........ ok     1184 ms
[18:10:14] t/dash-M.t ........... ok      219 ms
[18:10:14] t/evictions.t ........ ok      198 ms
[18:10:20] t/expirations.t ...... ok     6184 ms
[18:10:20] t/flags.t ............ ok      165 ms
[18:10:23] t/flush-all.t ........ ok     3299 ms
[18:10:24] t/getset.t ........... ok      743 ms
[18:10:24] t/incrdecr.t ......... ok      173 ms
[18:10:25] t/issue_104.t ........ ok      169 ms
[18:10:25] t/issue_108.t ........ ok      168 ms
[18:10:29] t/issue_14.t ......... ok     4178 ms
[18:10:29] t/issue_140.t ........ skipped: Fix for Issue 140 was only an illusion
[18:10:29] t/issue_152.t ........ ok      166 ms
[18:10:32] t/issue_163.t ........ ok     3172 ms
[18:10:34] t/issue_183.t ........ ok     2170 ms
[18:10:35] t/issue_192.t ........ ok      667 ms
[18:10:35] t/issue_22.t ......... ok      198 ms
[18:10:36] t/issue_29.t ......... ok      168 ms
[18:10:36] t/issue_3.t .......... ok      166 ms
[18:10:36] t/issue_41.t ......... ok      472 ms
[18:10:36] t/issue_42.t ......... ok      168 ms
[18:10:37] t/issue_50.t ......... ok      164 ms
[18:10:37] t/issue_61.t ......... ok      169 ms
[18:10:38] t/issue_67.t ......... ok     1190 ms
[18:10:38] t/issue_68.t ......... ok      414 ms
[18:10:38] t/issue_70.t ......... ok      168 ms
[18:10:43] t/item_size_max.t .... ok     4762 ms
[18:10:43] t/line-lengths.t ..... ok       27 ms
[18:10:44] t/lru.t .............. ok      515 ms
[18:10:44] t/maxconns.t ......... ok      167 ms
[18:10:44] t/multiversioning.t .. ok      180 ms
[18:10:44] t/noreply.t .......... ok      167 ms
[18:10:47] t/slabs_reassign.t ... ok     2213 ms
[18:10:47] t/stats-detail.t ..... ok      172 ms
[18:10:47] t/stats.t ............ ok      186 ms
[18:10:49] t/touch.t ............ ok     2169 ms
[18:10:49] t/udp.t .............. ok      197 ms
[18:10:50] t/unixsocket.t ....... ok     1066 ms
[18:10:50] t/whitespace.t ....... ok       66 ms
[18:10:50]
All tests successful.
Files=46, Tests=6963, 70 wallclock secs ( 1.41 usr  0.20 sys +  4.92 cusr  2.23 csys =  8.76 CPU)
Result: PASS
