[17:55:42] t/00-startup.t ....... ok     7346 ms
[17:55:43] t/64bit.t ............ ok      179 ms
[17:55:43] t/binary-get.t ....... ok      166 ms
[17:55:43] t/binary-sasl.t ...... skipped: Skipping SASL tests
[17:56:05] t/binary.t ........... ok    22122 ms
[17:56:05] t/bogus-commands.t ... ok      161 ms
[17:56:06] t/cas.t .............. ok      635 ms
[17:56:07] t/daemonize.t ........ ok     1180 ms
[17:56:07] t/dash-M.t ........... ok      211 ms
[17:56:07] t/evictions.t ........ ok      187 ms
[17:56:14] t/expirations.t ...... ok     6179 ms
[17:56:14] t/flags.t ............ ok      166 ms
[17:56:17] t/flush-all.t ........ ok     3296 ms
[17:56:18] t/getset.t ........... ok      742 ms
[17:56:18] t/incrdecr.t ......... ok      171 ms
[17:56:18] t/issue_104.t ........ ok      166 ms
[17:56:18] t/issue_108.t ........ ok      166 ms
[17:56:23] t/issue_14.t ......... ok     4178 ms
[17:56:23] t/issue_140.t ........ skipped: Fix for Issue 140 was only an illusion
[17:56:23] t/issue_152.t ........ ok      166 ms
[17:56:26] t/issue_163.t ........ ok     3172 ms
[17:56:28] t/issue_183.t ........ ok     2170 ms
[17:56:29] t/issue_192.t ........ ok      666 ms
[17:56:29] t/issue_22.t ......... ok      198 ms
[17:56:29] t/issue_29.t ......... ok      169 ms
[17:56:29] t/issue_3.t .......... ok      170 ms
[17:56:30] t/issue_41.t ......... ok      473 ms
[17:56:30] t/issue_42.t ......... ok      170 ms
[17:56:30] t/issue_50.t ......... ok      163 ms
[17:56:30] t/issue_61.t ......... ok      171 ms
[17:56:32] t/issue_67.t ......... ok     1191 ms
[17:56:32] t/issue_68.t ......... ok      405 ms
[17:56:32] t/issue_70.t ......... ok      168 ms
[17:56:37] t/item_size_max.t .... ok     4769 ms
[17:56:37] t/line-lengths.t ..... ok       26 ms
[17:56:37] t/lru.t .............. ok      514 ms
[17:56:38] t/maxconns.t ......... ok      169 ms
[17:56:38] t/multiversioning.t .. ok      179 ms
[17:56:38] t/noreply.t .......... ok      169 ms
[17:56:40] t/slabs_reassign.t ... ok     2211 ms
[17:56:40] t/stats-detail.t ..... ok      169 ms
[17:56:41] t/stats.t ............ ok      183 ms
[17:56:43] t/touch.t ............ ok     2172 ms
[17:56:43] t/udp.t .............. ok      196 ms
[17:56:44] t/unixsocket.t ....... ok     1068 ms
[17:56:44] t/whitespace.t ....... ok       66 ms
[17:56:44]
All tests successful.
Files=46, Tests=6963, 69 wallclock secs ( 1.39 usr  0.20 sys +  4.87 cusr  2.23 csys =  8.69 CPU)
Result: PASS
