[18:02:45] t/00-startup.t ....... ok     7417 ms
[18:02:45] t/64bit.t ............ ok      188 ms
[18:02:45] t/binary-get.t ....... ok      174 ms
[18:02:45] t/binary-sasl.t ...... skipped: Skipping SASL tests
[18:03:08] t/binary.t ........... ok    23252 ms
[18:03:08] t/bogus-commands.t ... ok      165 ms
[18:03:09] t/cas.t .............. ok      646 ms
[18:03:10] t/daemonize.t ........ ok     1184 ms
[18:03:11] t/dash-M.t ........... ok      217 ms
[18:03:11] t/evictions.t ........ ok      200 ms
[18:03:17] t/expirations.t ...... ok     6184 ms
[18:03:17] t/flags.t ............ ok      168 ms
[18:03:20] t/flush-all.t ........ ok     3297 ms
[18:03:21] t/getset.t ........... ok      735 ms
[18:03:21] t/incrdecr.t ......... ok      174 ms
[18:03:21] t/issue_104.t ........ ok      169 ms
[18:03:22] t/issue_108.t ........ ok      166 ms
[18:03:26] t/issue_14.t ......... ok     4179 ms
[18:03:26] t/issue_140.t ........ skipped: Fix for Issue 140 was only an illusion
[18:03:26] t/issue_152.t ........ ok      164 ms
[18:03:29] t/issue_163.t ........ ok     3171 ms
[18:03:31] t/issue_183.t ........ ok     2171 ms
[18:03:32] t/issue_192.t ........ ok      667 ms
[18:03:32] t/issue_22.t ......... ok      197 ms
[18:03:32] t/issue_29.t ......... ok      167 ms
[18:03:33] t/issue_3.t .......... ok      170 ms
[18:03:33] t/issue_41.t ......... ok      475 ms
[18:03:33] t/issue_42.t ......... ok      167 ms
[18:03:33] t/issue_50.t ......... ok      162 ms
[18:03:34] t/issue_61.t ......... ok      166 ms
[18:03:35] t/issue_67.t ......... ok     1187 ms
[18:03:35] t/issue_68.t ......... ok      407 ms
[18:03:35] t/issue_70.t ......... ok      169 ms
[18:03:40] t/item_size_max.t .... ok     4767 ms
[18:03:40] t/line-lengths.t ..... ok       27 ms
[18:03:41] t/lru.t .............. ok      508 ms
[18:03:41] t/maxconns.t ......... ok      171 ms
[18:03:41] t/multiversioning.t .. ok      178 ms
[18:03:41] t/noreply.t .......... ok      169 ms
[18:03:43] t/slabs_reassign.t ... ok     2212 ms
[18:03:44] t/stats-detail.t ..... ok      169 ms
[18:03:44] t/stats.t ............ ok      185 ms
[18:03:46] t/touch.t ............ ok     2171 ms
[18:03:46] t/udp.t .............. ok      197 ms
[18:03:47] t/unixsocket.t ....... ok     1067 ms
[18:03:47] t/whitespace.t ....... ok       64 ms
[18:03:47]
All tests successful.
Files=46, Tests=6963, 70 wallclock secs ( 1.42 usr  0.20 sys +  4.89 cusr  2.16 csys =  8.67 CPU)
Result: PASS
