[17:59:13] t/00-startup.t ....... ok     7411 ms
[17:59:13] t/64bit.t ............ ok      185 ms
[17:59:13] t/binary-get.t ....... ok      168 ms
[17:59:13] t/binary-sasl.t ...... skipped: Skipping SASL tests
[17:59:37] t/binary.t ........... ok    23375 ms
[17:59:37] t/bogus-commands.t ... ok      165 ms
[17:59:38] t/cas.t .............. ok      642 ms
[17:59:39] t/daemonize.t ........ ok     1184 ms
[17:59:39] t/dash-M.t ........... ok      220 ms
[17:59:39] t/evictions.t ........ ok      200 ms
[17:59:46] t/expirations.t ...... ok     6387 ms
[17:59:46] t/flags.t ............ ok      168 ms
[17:59:49] t/flush-all.t ........ ok     3297 ms
[17:59:50] t/getset.t ........... ok      737 ms
[17:59:50] t/incrdecr.t ......... ok      170 ms
[17:59:50] t/issue_104.t ........ ok      169 ms
[17:59:50] t/issue_108.t ........ ok      166 ms
[17:59:55] t/issue_14.t ......... ok     4179 ms
[17:59:55] t/issue_140.t ........ skipped: Fix for Issue 140 was only an illusion
[17:59:55] t/issue_152.t ........ ok      165 ms
[17:59:58] t/issue_163.t ........ ok     3174 ms
[18:00:00] t/issue_183.t ........ ok     2171 ms
[18:00:01] t/issue_192.t ........ ok      672 ms
[18:00:01] t/issue_22.t ......... ok      210 ms
[18:00:01] t/issue_29.t ......... ok      169 ms
[18:00:01] t/issue_3.t .......... ok      171 ms
[18:00:02] t/issue_41.t ......... ok      481 ms
[18:00:02] t/issue_42.t ......... ok      168 ms
[18:00:02] t/issue_50.t ......... ok      165 ms
[18:00:02] t/issue_61.t ......... ok      168 ms
[18:00:04] t/issue_67.t ......... ok     1190 ms
[18:00:04] t/issue_68.t ......... ok      400 ms
[18:00:04] t/issue_70.t ......... ok      167 ms
[18:00:09] t/item_size_max.t .... ok     4769 ms
[18:00:09] t/line-lengths.t ..... ok       26 ms
[18:00:09] t/lru.t .............. ok      503 ms
[18:00:10] t/maxconns.t ......... ok      168 ms
[18:00:10] t/multiversioning.t .. ok      177 ms
[18:00:10] t/noreply.t .......... ok      170 ms
[18:00:12] t/slabs_reassign.t ... ok     2211 ms
[18:00:12] t/stats-detail.t ..... ok      168 ms
[18:00:13] t/stats.t ............ ok      182 ms
[18:00:15] t/touch.t ............ ok     2169 ms
[18:00:15] t/udp.t .............. ok      194 ms
[18:00:16] t/unixsocket.t ....... ok     1064 ms
[18:00:16] t/whitespace.t ....... ok       66 ms
[18:00:16]
All tests successful.
Files=46, Tests=6963, 70 wallclock secs ( 1.38 usr  0.19 sys +  4.89 cusr  2.24 csys =  8.70 CPU)
Result: PASS
