[18:19:14] t/00-startup.t ....... ok     7430 ms
[18:19:14] t/64bit.t ............ ok      181 ms
[18:19:14] t/binary-get.t ....... ok      171 ms
[18:19:14] t/binary-sasl.t ...... skipped: Skipping SASL tests
[18:19:37] t/binary.t ........... ok    23410 ms
[18:19:38] t/bogus-commands.t ... ok      165 ms
[18:19:38] t/cas.t .............. ok      645 ms
[18:19:39] t/daemonize.t ........ ok     1185 ms
[18:19:40] t/dash-M.t ........... ok      202 ms
[18:19:40] t/evictions.t ........ ok      200 ms
[18:19:47] t/expirations.t ...... ok     6694 ms
[18:19:47] t/flags.t ............ ok      168 ms
[18:19:50] t/flush-all.t ........ ok     3299 ms
[18:19:51] t/getset.t ........... ok      743 ms
[18:19:51] t/incrdecr.t ......... ok      174 ms
[18:19:51] t/issue_104.t ........ ok      167 ms
[18:19:51] t/issue_108.t ........ ok      167 ms
[18:19:55] t/issue_14.t ......... ok     4173 ms
[18:19:56] t/issue_140.t ........ skipped: Fix for Issue 140 was only an illusion
[18:19:56] t/issue_152.t ........ ok      165 ms
[18:19:59] t/issue_163.t ........ ok     3172 ms
[18:20:01] t/issue_183.t ........ ok     2171 ms
[18:20:02] t/issue_192.t ........ ok      668 ms
[18:20:02] t/issue_22.t ......... ok      197 ms
[18:20:02] t/issue_29.t ......... ok      169 ms
[18:20:02] t/issue_3.t .......... ok      169 ms
[18:20:03] t/issue_41.t ......... ok      480 ms
[18:20:03] t/issue_42.t ......... ok      171 ms
[18:20:03] t/issue_50.t ......... ok      168 ms
[18:20:03] t/issue_61.t ......... ok      166 ms
[18:20:04] t/issue_67.t ......... ok     1199 ms
[18:20:05] t/issue_68.t ......... ok      410 ms
[18:20:05] t/issue_70.t ......... ok      167 ms
[18:20:10] t/item_size_max.t .... ok     4752 ms
[18:20:10] t/line-lengths.t ..... ok       26 ms
[18:20:10] t/lru.t .............. ok      515 ms
[18:20:11] t/maxconns.t ......... ok      168 ms
[18:20:11] t/multiversioning.t .. ok      180 ms
[18:20:11] t/noreply.t .......... ok      170 ms
[18:20:13] t/slabs_reassign.t ... ok     2207 ms
[18:20:13] t/stats-detail.t ..... ok      170 ms
[18:20:14] t/stats.t ............ ok      185 ms
[18:20:16] t/touch.t ............ ok     2171 ms
[18:20:16] t/udp.t .............. ok      197 ms
[18:20:17] t/unixsocket.t ....... ok     1067 ms
[18:20:17] t/whitespace.t ....... ok       64 ms
[18:20:17]
All tests successful.
Files=46, Tests=6963, 71 wallclock secs ( 1.41 usr  0.20 sys +  4.94 cusr  2.23 csys =  8.78 CPU)
Result: PASS
