[17:52:16] t/00-startup.t ....... ok     7321 ms
[17:52:16] t/64bit.t ............ ok      179 ms
[17:52:16] t/binary-get.t ....... ok      170 ms
[17:52:17] t/binary-sasl.t ...... skipped: Skipping SASL tests
[17:52:39] t/binary.t ........... ok    21998 ms
[17:52:39] t/bogus-commands.t ... ok      165 ms
[17:52:39] t/cas.t .............. ok      636 ms
[17:52:41] t/daemonize.t ........ ok     1182 ms
[17:52:41] t/dash-M.t ........... ok      219 ms
[17:52:41] t/evictions.t ........ ok      202 ms
[17:52:48] t/expirations.t ...... ok     6580 ms
[17:52:48] t/flags.t ............ ok      168 ms
[17:52:51] t/flush-all.t ........ ok     3290 ms
[17:52:52] t/getset.t ........... ok      742 ms
[17:52:52] t/incrdecr.t ......... ok      167 ms
[17:52:52] t/issue_104.t ........ ok      167 ms
[17:52:52] t/issue_108.t ........ ok      185 ms
[17:52:57] t/issue_14.t ......... ok     4168 ms
[17:52:57] t/issue_140.t ........ skipped: Fix for Issue 140 was only an illusion
[17:52:57] t/issue_152.t ........ ok      163 ms
[17:53:00] t/issue_163.t ........ ok     3166 ms
[17:53:02] t/issue_183.t ........ ok     2169 ms
[17:53:03] t/issue_192.t ........ ok      665 ms
[17:53:03] t/issue_22.t ......... ok      196 ms
[17:53:03] t/issue_29.t ......... ok      166 ms
[17:53:03] t/issue_3.t .......... ok      167 ms
[17:53:04] t/issue_41.t ......... ok      496 ms
[17:53:04] t/issue_42.t ......... ok      168 ms
[17:53:04] t/issue_50.t ......... ok      164 ms
[17:53:04] t/issue_61.t ......... ok      166 ms
[17:53:05] t/issue_67.t ......... ok     1171 ms
[17:53:06] t/issue_68.t ......... ok      463 ms
[17:53:06] t/issue_70.t ......... ok      167 ms
[17:53:11] t/item_size_max.t .... ok     4709 ms
[17:53:11] t/line-lengths.t ..... ok       30 ms
[17:53:11] t/lru.t .............. ok      555 ms
[17:53:12] t/maxconns.t ......... ok      168 ms
[17:53:12] t/multiversioning.t .. ok      177 ms
[17:53:12] t/noreply.t .......... ok      169 ms
[17:53:14] t/slabs_reassign.t ... ok     2215 ms
[17:53:14] t/stats-detail.t ..... ok      174 ms
[17:53:15] t/stats.t ............ ok      188 ms
[17:53:17] t/touch.t ............ ok     2167 ms
[17:53:17] t/udp.t .............. ok      196 ms
[17:53:18] t/unixsocket.t ....... ok     1064 ms
[17:53:18] t/whitespace.t ....... ok       78 ms
[17:53:18]
All tests successful.
Files=46, Tests=6963, 69 wallclock secs ( 1.49 usr  0.21 sys +  5.05 cusr  2.14 csys =  8.89 CPU)
Result: PASS
