[17:58:03] t/00-startup.t ....... ok     7427 ms
[17:58:03] t/64bit.t ............ ok      182 ms
[17:58:03] t/binary-get.t ....... ok      168 ms
[17:58:03] t/binary-sasl.t ...... skipped: Skipping SASL tests
[17:58:26] t/binary.t ........... ok    23376 ms
[17:58:27] t/bogus-commands.t ... ok      166 ms
[17:58:27] t/cas.t .............. ok      646 ms
[17:58:28] t/daemonize.t ........ ok     1185 ms
[17:58:29] t/dash-M.t ........... ok      217 ms
[17:58:29] t/evictions.t ........ ok      201 ms
[17:58:35] t/expirations.t ...... ok     6181 ms
[17:58:35] t/flags.t ............ ok      168 ms
[17:58:38] t/flush-all.t ........ ok     3297 ms
[17:58:39] t/getset.t ........... ok      727 ms
[17:58:39] t/incrdecr.t ......... ok      170 ms
[17:58:40] t/issue_104.t ........ ok      169 ms
[17:58:40] t/issue_108.t ........ ok      168 ms
[17:58:44] t/issue_14.t ......... ok     4179 ms
[17:58:44] t/issue_140.t ........ skipped: Fix for Issue 140 was only an illusion
[17:58:44] t/issue_152.t ........ ok      165 ms
[17:58:47] t/issue_163.t ........ ok     3173 ms
[17:58:49] t/issue_183.t ........ ok     2171 ms
[17:58:50] t/issue_192.t ........ ok      668 ms
[17:58:50] t/issue_22.t ......... ok      196 ms
[17:58:51] t/issue_29.t ......... ok      169 ms
[17:58:51] t/issue_3.t .......... ok      169 ms
[17:58:51] t/issue_41.t ......... ok      473 ms
[17:58:51] t/issue_42.t ......... ok      171 ms
[17:58:52] t/issue_50.t ......... ok      163 ms
[17:58:52] t/issue_61.t ......... ok      169 ms
[17:58:53] t/issue_67.t ......... ok     1192 ms
[17:58:53] t/issue_68.t ......... ok      420 ms
[17:58:53] t/issue_70.t ......... ok      169 ms
[17:58:58] t/item_size_max.t .... ok     4760 ms
[17:58:58] t/line-lengths.t ..... ok       26 ms
[17:58:59] t/lru.t .............. ok      508 ms
[17:58:59] t/maxconns.t ......... ok      170 ms
[17:58:59] t/multiversioning.t .. ok      181 ms
[17:58:59] t/noreply.t .......... ok      169 ms
[17:59:02] t/slabs_reassign.t ... ok     2215 ms
[17:59:02] t/stats-detail.t ..... ok      171 ms
[17:59:02] t/stats.t ............ ok      184 ms
[17:59:04] t/touch.t ............ ok     2170 ms
[17:59:04] t/udp.t .............. ok      196 ms
[17:59:05] t/unixsocket.t ....... ok     1068 ms
[17:59:05] t/whitespace.t ....... ok       65 ms
[17:59:05]
All tests successful.
Files=46, Tests=6963, 70 wallclock secs ( 1.39 usr  0.19 sys +  4.90 cusr  2.22 csys =  8.70 CPU)
Result: PASS
