[18:07:27] t/00-startup.t ....... ok     7413 ms
[18:07:27] t/64bit.t ............ ok      181 ms
[18:07:27] t/binary-get.t ....... ok      170 ms
[18:07:27] t/binary-sasl.t ...... skipped: Skipping SASL tests
[18:07:50] t/binary.t ........... ok    23371 ms
[18:07:51] t/bogus-commands.t ... ok      164 ms
[18:07:51] t/cas.t .............. ok      644 ms
[18:07:52] t/daemonize.t ........ ok     1184 ms
[18:07:53] t/dash-M.t ........... ok      219 ms
[18:07:53] t/evictions.t ........ ok      197 ms
[18:07:59] t/expirations.t ...... ok     6181 ms
[18:07:59] t/flags.t ............ ok      168 ms
[18:08:02] t/flush-all.t ........ ok     3299 ms
[18:08:03] t/getset.t ........... ok      739 ms
[18:08:03] t/incrdecr.t ......... ok      176 ms
[18:08:04] t/issue_104.t ........ ok      166 ms
[18:08:04] t/issue_108.t ........ ok      169 ms
[18:08:08] t/issue_14.t ......... ok     4175 ms
[18:08:08] t/issue_140.t ........ skipped: Fix for Issue 140 was only an illusion
[18:08:08] t/issue_152.t ........ ok      167 ms
[18:08:11] t/issue_163.t ........ ok     3171 ms
[18:08:13] t/issue_183.t ........ ok     2170 ms
[18:08:14] t/issue_192.t ........ ok      667 ms
[18:08:14] t/issue_22.t ......... ok      198 ms
[18:08:15] t/issue_29.t ......... ok      167 ms
[18:08:15] t/issue_3.t .......... ok      169 ms
[18:08:15] t/issue_41.t ......... ok      477 ms
[18:08:15] t/issue_42.t ......... ok      169 ms
[18:08:16] t/issue_50.t ......... ok      165 ms
[18:08:16] t/issue_61.t ......... ok      168 ms
[18:08:17] t/issue_67.t ......... ok     1189 ms
[18:08:17] t/issue_68.t ......... ok      413 ms
[18:08:17] t/issue_70.t ......... ok      167 ms
[18:08:22] t/item_size_max.t .... ok     4777 ms
[18:08:22] t/line-lengths.t ..... ok       26 ms
[18:08:23] t/lru.t .............. ok      508 ms
[18:08:23] t/maxconns.t ......... ok      168 ms
[18:08:23] t/multiversioning.t .. ok      182 ms
[18:08:23] t/noreply.t .......... ok      170 ms
[18:08:26] t/slabs_reassign.t ... ok     2209 ms
[18:08:26] t/stats-detail.t ..... ok      173 ms
[18:08:26] t/stats.t ............ ok      188 ms
[18:08:28] t/touch.t ............ ok     2170 ms
[18:08:28] t/udp.t .............. ok      199 ms
[18:08:29] t/unixsocket.t ....... ok     1066 ms
[18:08:29] t/whitespace.t ....... ok       64 ms
[18:08:29]
All tests successful.
Files=46, Tests=6963, 70 wallclock secs ( 1.40 usr  0.20 sys +  4.89 cusr  2.23 csys =  8.72 CPU)
Result: PASS
