[18:21:35] t/00-startup.t ....... ok     7418 ms
[18:21:35] t/64bit.t ............ ok      181 ms
[18:21:35] t/binary-get.t ....... ok      171 ms
[18:21:35] t/binary-sasl.t ...... skipped: Skipping SASL tests
[18:21:59] t/binary.t ........... ok    23234 ms
[18:21:59] t/bogus-commands.t ... ok      163 ms
[18:21:59] t/cas.t .............. ok      643 ms
[18:22:01] t/daemonize.t ........ ok     1184 ms
[18:22:01] t/dash-M.t ........... ok      214 ms
[18:22:01] t/evictions.t ........ ok      194 ms
[18:22:08] t/expirations.t ...... ok     6490 ms
[18:22:08] t/flags.t ............ ok      177 ms
[18:22:11] t/flush-all.t ........ ok     3308 ms
[18:22:12] t/getset.t ........... ok      740 ms
[18:22:12] t/incrdecr.t ......... ok      170 ms
[18:22:12] t/issue_104.t ........ ok      166 ms
[18:22:12] t/issue_108.t ........ ok      169 ms
[18:22:17] t/issue_14.t ......... ok     4179 ms
[18:22:17] t/issue_140.t ........ skipped: Fix for Issue 140 was only an illusion
[18:22:17] t/issue_152.t ........ ok      169 ms
[18:22:20] t/issue_163.t ........ ok     3173 ms
[18:22:22] t/issue_183.t ........ ok     2170 ms
[18:22:23] t/issue_192.t ........ ok      669 ms
[18:22:23] t/issue_22.t ......... ok      195 ms
[18:22:23] t/issue_29.t ......... ok      168 ms
[18:22:23] t/issue_3.t .......... ok      166 ms
[18:22:24] t/issue_41.t ......... ok      516 ms
[18:22:24] t/issue_42.t ......... ok      174 ms
[18:22:24] t/issue_50.t ......... ok      172 ms
[18:22:24] t/issue_61.t ......... ok      175 ms
[18:22:26] t/issue_67.t ......... ok     1199 ms
[18:22:26] t/issue_68.t ......... ok      446 ms
[18:22:26] t/issue_70.t ......... ok      168 ms
[18:22:31] t/item_size_max.t .... ok     4774 ms
[18:22:31] t/line-lengths.t ..... ok       28 ms
[18:22:32] t/lru.t .............. ok      512 ms
[18:22:32] t/maxconns.t ......... ok      169 ms
[18:22:32] t/multiversioning.t .. ok      180 ms
[18:22:32] t/noreply.t .......... ok      169 ms
[18:22:34] t/slabs_reassign.t ... ok     2213 ms
[18:22:34] t/stats-detail.t ..... ok      171 ms
[18:22:35] t/stats.t ............ ok      186 ms
[18:22:37] t/touch.t ............ ok     2171 ms
[18:22:37] t/udp.t .............. ok      194 ms
[18:22:38] t/unixsocket.t ....... ok     1065 ms
[18:22:38] t/whitespace.t ....... ok       65 ms
[18:22:38]
All tests successful.
Files=46, Tests=6963, 70 wallclock secs ( 1.44 usr  0.20 sys +  4.90 cusr  2.21 csys =  8.75 CPU)
Result: PASS
