[18:16:52] t/00-startup.t ....... ok     7421 ms
[18:16:52] t/64bit.t ............ ok      183 ms
[18:16:52] t/binary-get.t ....... ok      171 ms
[18:16:52] t/binary-sasl.t ...... skipped: Skipping SASL tests
[18:17:15] t/binary.t ........... ok    23379 ms
[18:17:16] t/bogus-commands.t ... ok      165 ms
[18:17:16] t/cas.t .............. ok      643 ms
[18:17:17] t/daemonize.t ........ ok     1184 ms
[18:17:18] t/dash-M.t ........... ok      218 ms
[18:17:18] t/evictions.t ........ ok      199 ms
[18:17:25] t/expirations.t ...... ok     6693 ms
[18:17:25] t/flags.t ............ ok      168 ms
[18:17:28] t/flush-all.t ........ ok     3299 ms
[18:17:29] t/getset.t ........... ok      739 ms
[18:17:29] t/incrdecr.t ......... ok      174 ms
[18:17:29] t/issue_104.t ........ ok      166 ms
[18:17:29] t/issue_108.t ........ ok      167 ms
[18:17:34] t/issue_14.t ......... ok     4176 ms
[18:17:34] t/issue_140.t ........ skipped: Fix for Issue 140 was only an illusion
[18:17:34] t/issue_152.t ........ ok      165 ms
[18:17:37] t/issue_163.t ........ ok     3174 ms
[18:17:39] t/issue_183.t ........ ok     2173 ms
[18:17:40] t/issue_192.t ........ ok      668 ms
[18:17:40] t/issue_22.t ......... ok      195 ms
[18:17:40] t/issue_29.t ......... ok      169 ms
[18:17:40] t/issue_3.t .......... ok      169 ms
[18:17:41] t/issue_41.t ......... ok      469 ms
[18:17:41] t/issue_42.t ......... ok      169 ms
[18:17:41] t/issue_50.t ......... ok      164 ms
[18:17:41] t/issue_61.t ......... ok      167 ms
[18:17:43] t/issue_67.t ......... ok     1201 ms
[18:17:43] t/issue_68.t ......... ok      412 ms
[18:17:43] t/issue_70.t ......... ok      167 ms
[18:17:48] t/item_size_max.t .... ok     4788 ms
[18:17:48] t/line-lengths.t ..... ok       26 ms
[18:17:48] t/lru.t .............. ok      513 ms
[18:17:49] t/maxconns.t ......... ok      170 ms
[18:17:49] t/multiversioning.t .. ok      178 ms
[18:17:49] t/noreply.t .......... ok      170 ms
[18:17:51] t/slabs_reassign.t ... ok     2212 ms
[18:17:51] t/stats-detail.t ..... ok      173 ms
[18:17:52] t/stats.t ............ ok      183 ms
[18:17:54] t/touch.t ............ ok     2172 ms
[18:17:54] t/udp.t .............. ok      195 ms
[18:17:55] t/unixsocket.t ....... ok     1068 ms
[18:17:55] t/whitespace.t ....... ok       66 ms
[18:17:55]
All tests successful.
Files=46, Tests=6963, 71 wallclock secs ( 1.42 usr  0.20 sys +  4.90 cusr  2.24 csys =  8.76 CPU)
Result: PASS
