[18:13:20] t/00-startup.t ....... ok     7417 ms
[18:13:20] t/64bit.t ............ ok      180 ms
[18:13:20] t/binary-get.t ....... ok      168 ms
[18:13:20] t/binary-sasl.t ...... skipped: Skipping SASL tests
[18:13:43] t/binary.t ........... ok    23401 ms
[18:13:44] t/bogus-commands.t ... ok      170 ms
[18:13:44] t/cas.t .............. ok      643 ms
[18:13:46] t/daemonize.t ........ ok     1199 ms
[18:13:46] t/dash-M.t ........... ok      218 ms
[18:13:46] t/evictions.t ........ ok      203 ms
[18:13:53] t/expirations.t ...... ok     6593 ms
[18:13:53] t/flags.t ............ ok      168 ms
[18:13:56] t/flush-all.t ........ ok     3296 ms
[18:13:57] t/getset.t ........... ok      739 ms
[18:13:57] t/incrdecr.t ......... ok      170 ms
[18:13:57] t/issue_104.t ........ ok      168 ms
[18:13:57] t/issue_108.t ........ ok      168 ms
[18:14:01] t/issue_14.t ......... ok     4179 ms
[18:14:02] t/issue_140.t ........ skipped: Fix for Issue 140 was only an illusion
[18:14:02] t/issue_152.t ........ ok      165 ms
[18:14:05] t/issue_163.t ........ ok     3172 ms
[18:14:07] t/issue_183.t ........ ok     2173 ms
[18:14:08] t/issue_192.t ........ ok      669 ms
[18:14:08] t/issue_22.t ......... ok      196 ms
[18:14:08] t/issue_29.t ......... ok      168 ms
[18:14:08] t/issue_3.t .......... ok      171 ms
[18:14:09] t/issue_41.t ......... ok      478 ms
[18:14:09] t/issue_42.t ......... ok      169 ms
[18:14:09] t/issue_50.t ......... ok      165 ms
[18:14:09] t/issue_61.t ......... ok      177 ms
[18:14:10] t/issue_67.t ......... ok     1190 ms
[18:14:11] t/issue_68.t ......... ok      418 ms
[18:14:11] t/issue_70.t ......... ok      164 ms
[18:14:16] t/item_size_max.t .... ok     4777 ms
[18:14:16] t/line-lengths.t ..... ok       26 ms
[18:14:16] t/lru.t .............. ok      509 ms
[18:14:17] t/maxconns.t ......... ok      167 ms
[18:14:17] t/multiversioning.t .. ok      178 ms
[18:14:17] t/noreply.t .......... ok      171 ms
[18:14:19] t/slabs_reassign.t ... ok     2212 ms
[18:14:19] t/stats-detail.t ..... ok      171 ms
[18:14:19] t/stats.t ............ ok      185 ms
[18:14:22] t/touch.t ............ ok     2171 ms
[18:14:22] t/udp.t .............. ok      197 ms
[18:14:23] t/unixsocket.t ....... ok     1068 ms
[18:14:23] t/whitespace.t ....... ok       66 ms
[18:14:23]
All tests successful.
Files=46, Tests=6963, 71 wallclock secs ( 1.46 usr  0.20 sys +  4.96 cusr  2.24 csys =  8.86 CPU)
Result: PASS
